Using pre-set license
Built from '2021.1/staging' branch; Version is '2021.1.19f1 (5f5eb8bbdc25) revision 6250168'; Using compiler version '192528614'; Build Type 'Release'
OS: 'Windows 10 Pro; OS build 18363.1556; Version 1909; 64bit' Language: 'es' Physical Memory: 8065 MB
BatchMode: 1, IsHumanControllingUs: 0, StartBugReporterOnCrash: 0, Is64bit: 1, IsPro: 0

COMMAND LINE ARGUMENTS:
C:\Program Files\Unity\Hub\Editor\2021.1.19f1\Editor\Unity.exe
-adb2
-batchMode
-noUpm
-name
AssetImportWorker0
-projectPath
C:/Users/Codelearn/Documents/GitHub/Tanksunity/MarcAgea_TanksProject
-logFile
Logs/AssetImportWorker0.log
-srvPort
50020
Successfully changed project path to: C:/Users/Codelearn/Documents/GitHub/Tanksunity/MarcAgea_TanksProject
C:/Users/Codelearn/Documents/GitHub/Tanksunity/MarcAgea_TanksProject
Using Asset Import Pipeline V2.
Refreshing native plugins compatible for Editor in 236.30 ms, found 3 plugins.
Preloading 0 native plugins for Editor in 0.00 ms.
Initialize engine version: 2021.1.19f1 (5f5eb8bbdc25)
[Subsystems] Discovering subsystems at path C:/Program Files/Unity/Hub/Editor/2021.1.19f1/Editor/Data/Resources/UnitySubsystems
[Subsystems] Discovering subsystems at path C:/Users/Codelearn/Documents/GitHub/Tanksunity/MarcAgea_TanksProject/Assets
GfxDevice: creating device client; threaded=0; jobified=0
Direct3D:
    Version:  Direct3D 11.0 [level 11.0]
    Renderer: Intel(R) HD Graphics 4000 (ID=0x166)
    Vendor:   Intel
    VRAM:     128 MB
    Driver:   10.18.10.4358
Initialize mono
Mono path[0] = 'C:/Program Files/Unity/Hub/Editor/2021.1.19f1/Editor/Data/Managed'
Mono path[1] = 'C:/Program Files/Unity/Hub/Editor/2021.1.19f1/Editor/Data/MonoBleedingEdge/lib/mono/unityjit'
Mono config path = 'C:/Program Files/Unity/Hub/Editor/2021.1.19f1/Editor/Data/MonoBleedingEdge/etc'
Using monoOptions --debugger-agent=transport=dt_socket,embedding=1,server=y,suspend=n,address=127.0.0.1:56336
Begin MonoManager ReloadAssembly
Registering precompiled unity dll's ...
Register platform support module: C:/Program Files/Unity/Hub/Editor/2021.1.19f1/Editor/Data/PlaybackEngines/WindowsStandaloneSupport/UnityEditor.WindowsStandalone.Extensions.dll
Registered in 0.003787 seconds.
Native extension for WindowsStandalone target not found
Refreshing native plugins compatible for Editor in 221.05 ms, found 3 plugins.
Preloading 0 native plugins for Editor in 0.00 ms.
Mono: successfully reloaded assembly
- Completed reload, in  2.387 seconds
Domain Reload Profiling:
	ReloadAssembly (2387ms)
		BeginReloadAssembly (122ms)
			ExecutionOrderSort (0ms)
			DisableScriptedObjects (0ms)
			BackupInstance (0ms)
			ReleaseScriptingObjects (0ms)
			CreateAndSetChildDomain (1ms)
		EndReloadAssembly (961ms)
			LoadAssemblies (117ms)
			RebuildTransferFunctionScriptingTraits (0ms)
			SetupTypeCache (324ms)
			ReleaseScriptCaches (0ms)
			RebuildScriptCaches (58ms)
			SetupLoadedEditorAssemblies (487ms)
				LogAssemblyErrors (0ms)
				InitializePlatformSupportModulesInManaged (12ms)
				SetLoadedEditorAssemblies (0ms)
				RefreshPlugins (221ms)
				BeforeProcessingInitializeOnLoad (2ms)
				ProcessInitializeOnLoadAttributes (192ms)
				ProcessInitializeOnLoadMethodAttributes (59ms)
				AfterProcessingInitializeOnLoad (0ms)
				EditorAssembliesLoaded (0ms)
			ExecutionOrderSort2 (0ms)
			AwakeInstancesAfterBackupRestoration (0ms)
Platform modules already initialized, skipping
Registering precompiled user dll's ...
Registered in 0.012575 seconds.
Begin MonoManager ReloadAssembly
Native extension for WindowsStandalone target not found
Refreshing native plugins compatible for Editor in 1.50 ms, found 3 plugins.
Preloading 0 native plugins for Editor in 0.00 ms.
Mono: successfully reloaded assembly
- Completed reload, in  2.702 seconds
Domain Reload Profiling:
	ReloadAssembly (2703ms)
		BeginReloadAssembly (346ms)
			ExecutionOrderSort (0ms)
			DisableScriptedObjects (9ms)
			BackupInstance (0ms)
			ReleaseScriptingObjects (0ms)
			CreateAndSetChildDomain (33ms)
		EndReloadAssembly (2205ms)
			LoadAssemblies (271ms)
			RebuildTransferFunctionScriptingTraits (0ms)
			SetupTypeCache (744ms)
			ReleaseScriptCaches (1ms)
			RebuildScriptCaches (113ms)
			SetupLoadedEditorAssemblies (876ms)
				LogAssemblyErrors (0ms)
				InitializePlatformSupportModulesInManaged (9ms)
				SetLoadedEditorAssemblies (1ms)
				RefreshPlugins (2ms)
				BeforeProcessingInitializeOnLoad (218ms)
				ProcessInitializeOnLoadAttributes (508ms)
				ProcessInitializeOnLoadMethodAttributes (125ms)
				AfterProcessingInitializeOnLoad (13ms)
				EditorAssembliesLoaded (0ms)
			ExecutionOrderSort2 (0ms)
			AwakeInstancesAfterBackupRestoration (14ms)
Platform modules already initialized, skipping
========================================================================
Worker process is ready to serve import requests
Launched and connected shader compiler UnityShaderCompiler.exe after 0.19 seconds
Refreshing native plugins compatible for Editor in 2.54 ms, found 3 plugins.
Preloading 0 native plugins for Editor in 0.00 ms.
Unloading 3656 Unused Serialized files (Serialized files now loaded: 0)
System memory in use before: 132.2 MB.
System memory in use after: 132.4 MB.

Unloading 60 unused Assets to reduce memory usage. Loaded Objects now: 4075.
Total: 11.206600 ms (FindLiveObjects: 0.368200 ms CreateObjectMapping: 0.235200 ms MarkObjects: 10.480200 ms  DeleteObjects: 0.120600 ms)

AssetImportParameters requested are different than current active one (requested -> active):
  custom:framework-win-MediaFoundation: 216162199b28c13a410421893ffa2e32 -> 
  custom:video-decoder-ogg-theora: a1e56fd34408186e4bbccfd4996cb3dc -> 
  custom:container-muxer-webm: aa71ff27fc2769a1b78a27578f13a17b -> 
  custom:container-demuxer-webm: 4f35f7cbe854078d1ac9338744f61a02 -> 
  custom:container-demuxer-ogg: 62fdf1f143b41e24485cea50d1cbac27 -> 
  custom:video-encoder-webm-vp8: eb34c28f22e8b96e1ab97ce403110664 -> 
  custom:video-decoder-webm-vp8: 9c59270c3fd7afecdb556c50c9e8de78 -> 
  custom:audio-decoder-ogg-vorbis: bf7c407c2cedff20999df2af8eb42d56 -> 
  custom:audio-encoder-webm-vorbis: bf7c407c2cedff20999df2af8eb42d56 -> 
========================================================================
Received Import Request.
  path: Assets/AudioMixers
  artifactKey: Guid(d0db4adc1197a7a449ee872640a3ae58) Importer(815301076,1909f56bfc062723c751e8b465ee728b)
Start importing Assets/AudioMixers using Guid(d0db4adc1197a7a449ee872640a3ae58) Importer(815301076,1909f56bfc062723c751e8b465ee728b)  -> (artifact id: '07d0c2a7872c5923c63e08caf2a3a0af') in 0.029245 seconds 
========================================================================
Received Import Request.
  Time since last request: 13.453236 seconds.
  path: Assets/AudioMixers/NewAudioMixer.mixer
  artifactKey: Guid(967c2c4815d34c14ea30f71ccbdf3eb2) Importer(815301076,1909f56bfc062723c751e8b465ee728b)
Start importing Assets/AudioMixers/NewAudioMixer.mixer using Guid(967c2c4815d34c14ea30f71ccbdf3eb2) Importer(815301076,1909f56bfc062723c751e8b465ee728b)  -> (artifact id: 'ed70795c4b9cca057b32dd1a5a402cb2') in 0.097414 seconds 
========================================================================
Received Import Request.
  Time since last request: 5.890872 seconds.
  path: Assets/AudioMixers/MainMix.mixer
  artifactKey: Guid(967c2c4815d34c14ea30f71ccbdf3eb2) Importer(815301076,1909f56bfc062723c751e8b465ee728b)
Start importing Assets/AudioMixers/MainMix.mixer using Guid(967c2c4815d34c14ea30f71ccbdf3eb2) Importer(815301076,1909f56bfc062723c751e8b465ee728b)  -> (artifact id: 'ba56883ee4e3ff2c22c0dc7dbd92dea0') in 0.014527 seconds 
========================================================================
Received Import Request.
  Time since last request: 100.605638 seconds.
  path: Assets/AudioMixers/MainMix.mixer
  artifactKey: Guid(967c2c4815d34c14ea30f71ccbdf3eb2) Importer(815301076,1909f56bfc062723c751e8b465ee728b)
Start importing Assets/AudioMixers/MainMix.mixer using Guid(967c2c4815d34c14ea30f71ccbdf3eb2) Importer(815301076,1909f56bfc062723c751e8b465ee728b)  -> (artifact id: '4c9c2c4a03a09e41dacf9fd618bd5e73') in 0.008494 seconds 
========================================================================
Received Import Request.
  Time since last request: 4.067713 seconds.
  path: Assets/AudioMixers/MainMix.mixer
  artifactKey: Guid(967c2c4815d34c14ea30f71ccbdf3eb2) Importer(815301076,1909f56bfc062723c751e8b465ee728b)
Start importing Assets/AudioMixers/MainMix.mixer using Guid(967c2c4815d34c14ea30f71ccbdf3eb2) Importer(815301076,1909f56bfc062723c751e8b465ee728b)  -> (artifact id: 'd2ec8a5839e25a9d06df24269d74d35c') in 0.010026 seconds 
========================================================================
Received Import Request.
  Time since last request: 12.855774 seconds.
  path: Assets/AudioMixers/MainMix.mixer
  artifactKey: Guid(967c2c4815d34c14ea30f71ccbdf3eb2) Importer(815301076,1909f56bfc062723c751e8b465ee728b)
Start importing Assets/AudioMixers/MainMix.mixer using Guid(967c2c4815d34c14ea30f71ccbdf3eb2) Importer(815301076,1909f56bfc062723c751e8b465ee728b)  -> (artifact id: '7af3df7a8c383e1f2bc312042f193b5e') in 0.007444 seconds 
========================================================================
Received Import Request.
  Time since last request: 4.024079 seconds.
  path: Assets/AudioMixers/MainMix.mixer
  artifactKey: Guid(967c2c4815d34c14ea30f71ccbdf3eb2) Importer(815301076,1909f56bfc062723c751e8b465ee728b)
Start importing Assets/AudioMixers/MainMix.mixer using Guid(967c2c4815d34c14ea30f71ccbdf3eb2) Importer(815301076,1909f56bfc062723c751e8b465ee728b)  -> (artifact id: 'e73d6b7f6c29d85a71454ca0456402a6') in 0.009115 seconds 
========================================================================
Received Import Request.
  Time since last request: 7.237295 seconds.
  path: Assets/AudioMixers/MainMix.mixer
  artifactKey: Guid(967c2c4815d34c14ea30f71ccbdf3eb2) Importer(815301076,1909f56bfc062723c751e8b465ee728b)
Start importing Assets/AudioMixers/MainMix.mixer using Guid(967c2c4815d34c14ea30f71ccbdf3eb2) Importer(815301076,1909f56bfc062723c751e8b465ee728b)  -> (artifact id: 'c05a6c06f7eb50fcf646da0aee6e90e7') in 0.007821 seconds 
========================================================================
Received Import Request.
  Time since last request: 3.247625 seconds.
  path: Assets/AudioMixers/MainMix.mixer
  artifactKey: Guid(967c2c4815d34c14ea30f71ccbdf3eb2) Importer(815301076,1909f56bfc062723c751e8b465ee728b)
Start importing Assets/AudioMixers/MainMix.mixer using Guid(967c2c4815d34c14ea30f71ccbdf3eb2) Importer(815301076,1909f56bfc062723c751e8b465ee728b)  -> (artifact id: '7a18e3e8874e10d1ff45b0dceaf6d68b') in 0.009587 seconds 
========================================================================
Received Import Request.
  Time since last request: 48.476226 seconds.
  path: Assets/_Completed-Assets/Prefabs/Tank.prefab
  artifactKey: Guid(602befde1b7f4634fa77ebc1cd4b1825) Importer(815301076,1909f56bfc062723c751e8b465ee728b)
Start importing Assets/_Completed-Assets/Prefabs/Tank.prefab using Guid(602befde1b7f4634fa77ebc1cd4b1825) Importer(815301076,1909f56bfc062723c751e8b465ee728b)  -> (artifact id: '7d35c48b66ada33deb3be7f3d153eb09') in 0.330182 seconds 
========================================================================
Received Import Request.
  Time since last request: 18.925986 seconds.
  path: Assets/_Completed-Assets/Prefabs/Tank.prefab
  artifactKey: Guid(602befde1b7f4634fa77ebc1cd4b1825) Importer(815301076,1909f56bfc062723c751e8b465ee728b)
Start importing Assets/_Completed-Assets/Prefabs/Tank.prefab using Guid(602befde1b7f4634fa77ebc1cd4b1825) Importer(815301076,1909f56bfc062723c751e8b465ee728b)  -> (artifact id: '69597b08c0aca23fb56cf4f942f06aa4') in 0.044115 seconds 
========================================================================
Received Import Request.
  Time since last request: 174.943846 seconds.
  path: Assets/AudioMixers/MainMix.mixer
  artifactKey: Guid(967c2c4815d34c14ea30f71ccbdf3eb2) Importer(815301076,1909f56bfc062723c751e8b465ee728b)
Start importing Assets/AudioMixers/MainMix.mixer using Guid(967c2c4815d34c14ea30f71ccbdf3eb2) Importer(815301076,1909f56bfc062723c751e8b465ee728b)  -> (artifact id: '3140d28a898b4947745ecad7fd78e8de') in 0.010186 seconds 
========================================================================
Received Prepare
Registering precompiled user dll's ...
Registered in 0.020927 seconds.
Begin MonoManager ReloadAssembly
Native extension for WindowsStandalone target not found
Refreshing native plugins compatible for Editor in 2.41 ms, found 3 plugins.
Preloading 0 native plugins for Editor in 0.00 ms.
Mono: successfully reloaded assembly
- Completed reload, in  3.562 seconds
Domain Reload Profiling:
	ReloadAssembly (3563ms)
		BeginReloadAssembly (371ms)
			ExecutionOrderSort (0ms)
			DisableScriptedObjects (17ms)
			BackupInstance (0ms)
			ReleaseScriptingObjects (0ms)
			CreateAndSetChildDomain (136ms)
		EndReloadAssembly (3005ms)
			LoadAssemblies (306ms)
			RebuildTransferFunctionScriptingTraits (0ms)
			SetupTypeCache (1092ms)
			ReleaseScriptCaches (3ms)
			RebuildScriptCaches (123ms)
			SetupLoadedEditorAssemblies (1179ms)
				LogAssemblyErrors (0ms)
				InitializePlatformSupportModulesInManaged (15ms)
				SetLoadedEditorAssemblies (1ms)
				RefreshPlugins (3ms)
				BeforeProcessingInitializeOnLoad (189ms)
				ProcessInitializeOnLoadAttributes (773ms)
				ProcessInitializeOnLoadMethodAttributes (177ms)
				AfterProcessingInitializeOnLoad (20ms)
				EditorAssembliesLoaded (1ms)
			ExecutionOrderSort2 (0ms)
			AwakeInstancesAfterBackupRestoration (22ms)
Platform modules already initialized, skipping
Refreshing native plugins compatible for Editor in 3.29 ms, found 3 plugins.
Preloading 0 native plugins for Editor in 0.00 ms.
Unloading 3623 Unused Serialized files (Serialized files now loaded: 0)
System memory in use before: 133.5 MB.
System memory in use after: 133.7 MB.

Unloading 51 unused Assets to reduce memory usage. Loaded Objects now: 4085.
Total: 16.650300 ms (FindLiveObjects: 0.840000 ms CreateObjectMapping: 0.837200 ms MarkObjects: 14.861900 ms  DeleteObjects: 0.106900 ms)

AssetImportParameters requested are different than current active one (requested -> active):
  custom:framework-win-MediaFoundation: 216162199b28c13a410421893ffa2e32 -> 
  custom:video-decoder-ogg-theora: a1e56fd34408186e4bbccfd4996cb3dc -> 
  custom:container-muxer-webm: aa71ff27fc2769a1b78a27578f13a17b -> 
  custom:container-demuxer-webm: 4f35f7cbe854078d1ac9338744f61a02 -> 
  custom:container-demuxer-ogg: 62fdf1f143b41e24485cea50d1cbac27 -> 
  custom:video-encoder-webm-vp8: eb34c28f22e8b96e1ab97ce403110664 -> 
  custom:video-decoder-webm-vp8: 9c59270c3fd7afecdb556c50c9e8de78 -> 
  custom:audio-decoder-ogg-vorbis: bf7c407c2cedff20999df2af8eb42d56 -> 
  custom:audio-encoder-webm-vorbis: bf7c407c2cedff20999df2af8eb42d56 -> 
========================================================================
Received Import Request.
  Time since last request: 552.313234 seconds.
  path: Assets/Scenes
  artifactKey: Guid(020b28239673e4c438cf64208e32b517) Importer(815301076,1909f56bfc062723c751e8b465ee728b)
Start importing Assets/Scenes using Guid(020b28239673e4c438cf64208e32b517) Importer(815301076,1909f56bfc062723c751e8b465ee728b)  -> (artifact id: 'a86b87f3571d880f694a54a50bcf25f5') in 0.027023 seconds 
========================================================================
Received Prepare
Registering precompiled user dll's ...
Registered in 0.011619 seconds.
Begin MonoManager ReloadAssembly
Native extension for WindowsStandalone target not found
Refreshing native plugins compatible for Editor in 1.77 ms, found 3 plugins.
Preloading 0 native plugins for Editor in 0.00 ms.
Mono: successfully reloaded assembly
- Completed reload, in  2.424 seconds
Domain Reload Profiling:
	ReloadAssembly (2424ms)
		BeginReloadAssembly (234ms)
			ExecutionOrderSort (0ms)
			DisableScriptedObjects (12ms)
			BackupInstance (0ms)
			ReleaseScriptingObjects (0ms)
			CreateAndSetChildDomain (75ms)
		EndReloadAssembly (2068ms)
			LoadAssemblies (205ms)
			RebuildTransferFunctionScriptingTraits (0ms)
			SetupTypeCache (733ms)
			ReleaseScriptCaches (2ms)
			RebuildScriptCaches (115ms)
			SetupLoadedEditorAssemblies (780ms)
				LogAssemblyErrors (0ms)
				InitializePlatformSupportModulesInManaged (9ms)
				SetLoadedEditorAssemblies (1ms)
				RefreshPlugins (2ms)
				BeforeProcessingInitializeOnLoad (137ms)
				ProcessInitializeOnLoadAttributes (486ms)
				ProcessInitializeOnLoadMethodAttributes (132ms)
				AfterProcessingInitializeOnLoad (14ms)
				EditorAssembliesLoaded (1ms)
			ExecutionOrderSort2 (0ms)
			AwakeInstancesAfterBackupRestoration (14ms)
Platform modules already initialized, skipping
Refreshing native plugins compatible for Editor in 2.71 ms, found 3 plugins.
Preloading 0 native plugins for Editor in 0.00 ms.
Unloading 3623 Unused Serialized files (Serialized files now loaded: 0)
System memory in use before: 133.5 MB.
System memory in use after: 133.8 MB.

Unloading 51 unused Assets to reduce memory usage. Loaded Objects now: 4087.
Total: 11.663300 ms (FindLiveObjects: 0.559500 ms CreateObjectMapping: 0.455300 ms MarkObjects: 10.598300 ms  DeleteObjects: 0.046600 ms)

AssetImportParameters requested are different than current active one (requested -> active):
  custom:framework-win-MediaFoundation: 216162199b28c13a410421893ffa2e32 -> 
  custom:video-decoder-ogg-theora: a1e56fd34408186e4bbccfd4996cb3dc -> 
  custom:container-muxer-webm: aa71ff27fc2769a1b78a27578f13a17b -> 
  custom:container-demuxer-webm: 4f35f7cbe854078d1ac9338744f61a02 -> 
  custom:container-demuxer-ogg: 62fdf1f143b41e24485cea50d1cbac27 -> 
  custom:video-encoder-webm-vp8: eb34c28f22e8b96e1ab97ce403110664 -> 
  custom:video-decoder-webm-vp8: 9c59270c3fd7afecdb556c50c9e8de78 -> 
  custom:audio-decoder-ogg-vorbis: bf7c407c2cedff20999df2af8eb42d56 -> 
  custom:audio-encoder-webm-vorbis: bf7c407c2cedff20999df2af8eb42d56 -> 
========================================================================
Received Import Request.
  Time since last request: 15.127643 seconds.
  path: Assets/Scenes/Menu.unity
  artifactKey: Guid(c174d0ccb1ed3b64a9d6f1d86540cedc) Importer(815301076,1909f56bfc062723c751e8b465ee728b)
Start importing Assets/Scenes/Menu.unity using Guid(c174d0ccb1ed3b64a9d6f1d86540cedc) Importer(815301076,1909f56bfc062723c751e8b465ee728b)  -> (artifact id: '223a55fa393e03123defbf1aa42da6f1') in 0.029569 seconds 
========================================================================
Received Import Request.
  Time since last request: 29.439558 seconds.
  path: Assets/Scenes/MainMarc.unity
  artifactKey: Guid(0214389cbacdbe44ea54c95ca593e57c) Importer(815301076,1909f56bfc062723c751e8b465ee728b)
Start importing Assets/Scenes/MainMarc.unity using Guid(0214389cbacdbe44ea54c95ca593e57c) Importer(815301076,1909f56bfc062723c751e8b465ee728b)  -> (artifact id: '0614785c5c5b6599fb22c381805b2cf5') in 0.023042 seconds 
========================================================================
Received Import Request.
  Time since last request: 37.256850 seconds.
  path: Assets/Scenes/Menu.unity
  artifactKey: Guid(c174d0ccb1ed3b64a9d6f1d86540cedc) Importer(815301076,1909f56bfc062723c751e8b465ee728b)
Start importing Assets/Scenes/Menu.unity using Guid(c174d0ccb1ed3b64a9d6f1d86540cedc) Importer(815301076,1909f56bfc062723c751e8b465ee728b)  -> (artifact id: 'a2979a4f60d693265fa052802039352e') in 0.008213 seconds 
